{"/home/jor/Documents/fit-tracker/controllers/authController.js": {"path":"/home/jor/Documents/fit-tracker/controllers/authController.js","statementMap":{"0":{"start":{"line":9,"column":15},"end":{"line":9,"column":32}},"1":{"start":{"line":10,"column":13},"end":{"line":10,"column":38}},"2":{"start":{"line":11,"column":22},"end":{"line":11,"column":47}},"3":{"start":{"line":12,"column":35},"end":{"line":12,"column":60}},"4":{"start":{"line":15,"column":17},"end":{"line":39,"column":1}},"5":{"start":{"line":16,"column":36},"end":{"line":16,"column":44}},"6":{"start":{"line":19,"column":19},"end":{"line":19,"column":48}},"7":{"start":{"line":20,"column":2},"end":{"line":25,"column":3}},"8":{"start":{"line":21,"column":4},"end":{"line":24,"column":7}},"9":{"start":{"line":28,"column":15},"end":{"line":28,"column":59}},"10":{"start":{"line":31,"column":16},"end":{"line":31,"column":79}},"11":{"start":{"line":33,"column":2},"end":{"line":38,"column":5}},"12":{"start":{"line":42,"column":14},"end":{"line":64,"column":1}},"13":{"start":{"line":43,"column":30},"end":{"line":43,"column":38}},"14":{"start":{"line":46,"column":15},"end":{"line":46,"column":64}},"15":{"start":{"line":49,"column":2},"end":{"line":54,"column":3}},"16":{"start":{"line":50,"column":4},"end":{"line":53,"column":7}},"17":{"start":{"line":56,"column":16},"end":{"line":56,"column":79}},"18":{"start":{"line":58,"column":2},"end":{"line":63,"column":5}},"19":{"start":{"line":68,"column":14},"end":{"line":73,"column":1}},"20":{"start":{"line":69,"column":2},"end":{"line":72,"column":5}},"21":{"start":{"line":80,"column":16},"end":{"line":93,"column":1}},"22":{"start":{"line":82,"column":16},"end":{"line":86,"column":4}},"23":{"start":{"line":88,"column":2},"end":{"line":92,"column":5}},"24":{"start":{"line":96,"column":23},"end":{"line":128,"column":1}},"25":{"start":{"line":97,"column":20},"end":{"line":97,"column":28}},"26":{"start":{"line":99,"column":15},"end":{"line":99,"column":44}},"27":{"start":{"line":100,"column":2},"end":{"line":105,"column":3}},"28":{"start":{"line":101,"column":4},"end":{"line":104,"column":7}},"29":{"start":{"line":107,"column":21},"end":{"line":107,"column":46}},"30":{"start":{"line":108,"column":2},"end":{"line":108,"column":49}},"31":{"start":{"line":110,"column":19},"end":{"line":110,"column":86}},"32":{"start":{"line":112,"column":2},"end":{"line":127,"column":3}},"33":{"start":{"line":113,"column":4},"end":{"line":113,"column":55}},"34":{"start":{"line":114,"column":4},"end":{"line":117,"column":7}},"35":{"start":{"line":119,"column":4},"end":{"line":119,"column":40}},"36":{"start":{"line":120,"column":4},"end":{"line":120,"column":42}},"37":{"start":{"line":121,"column":4},"end":{"line":121,"column":51}},"38":{"start":{"line":122,"column":4},"end":{"line":122,"column":52}},"39":{"start":{"line":123,"column":4},"end":{"line":126,"column":7}},"40":{"start":{"line":131,"column":22},"end":{"line":159,"column":1}},"41":{"start":{"line":132,"column":22},"end":{"line":132,"column":88}},"42":{"start":{"line":134,"column":15},"end":{"line":137,"column":4}},"43":{"start":{"line":139,"column":2},"end":{"line":144,"column":3}},"44":{"start":{"line":140,"column":4},"end":{"line":143,"column":7}},"45":{"start":{"line":146,"column":2},"end":{"line":146,"column":36}},"46":{"start":{"line":147,"column":2},"end":{"line":147,"column":38}},"47":{"start":{"line":148,"column":2},"end":{"line":148,"column":40}},"48":{"start":{"line":149,"column":2},"end":{"line":149,"column":20}},"49":{"start":{"line":151,"column":16},"end":{"line":151,"column":79}},"50":{"start":{"line":153,"column":2},"end":{"line":158,"column":5}},"51":{"start":{"line":163,"column":23},"end":{"line":166,"column":1}},"52":{"start":{"line":164,"column":20},"end":{"line":164,"column":28}},"53":{"start":{"line":165,"column":2},"end":{"line":165,"column":54}},"54":{"start":{"line":168,"column":0},"end":{"line":168,"column":100}}},"fnMap":{"0":{"name":"(anonymous_0)","decl":{"start":{"line":15,"column":17},"end":{"line":15,"column":18}},"loc":{"start":{"line":15,"column":37},"end":{"line":39,"column":1}},"line":15},"1":{"name":"(anonymous_1)","decl":{"start":{"line":42,"column":14},"end":{"line":42,"column":15}},"loc":{"start":{"line":42,"column":34},"end":{"line":64,"column":1}},"line":42},"2":{"name":"(anonymous_2)","decl":{"start":{"line":68,"column":14},"end":{"line":68,"column":15}},"loc":{"start":{"line":68,"column":34},"end":{"line":73,"column":1}},"line":68},"3":{"name":"(anonymous_3)","decl":{"start":{"line":80,"column":16},"end":{"line":80,"column":17}},"loc":{"start":{"line":80,"column":36},"end":{"line":93,"column":1}},"line":80},"4":{"name":"(anonymous_4)","decl":{"start":{"line":96,"column":23},"end":{"line":96,"column":24}},"loc":{"start":{"line":96,"column":43},"end":{"line":128,"column":1}},"line":96},"5":{"name":"(anonymous_5)","decl":{"start":{"line":131,"column":22},"end":{"line":131,"column":23}},"loc":{"start":{"line":131,"column":42},"end":{"line":159,"column":1}},"line":131},"6":{"name":"(anonymous_6)","decl":{"start":{"line":163,"column":23},"end":{"line":163,"column":24}},"loc":{"start":{"line":163,"column":43},"end":{"line":166,"column":1}},"line":163}},"branchMap":{"0":{"loc":{"start":{"line":20,"column":2},"end":{"line":25,"column":3}},"type":"if","locations":[{"start":{"line":20,"column":2},"end":{"line":25,"column":3}},{"start":{},"end":{}}],"line":20},"1":{"loc":{"start":{"line":49,"column":2},"end":{"line":54,"column":3}},"type":"if","locations":[{"start":{"line":49,"column":2},"end":{"line":54,"column":3}},{"start":{},"end":{}}],"line":49},"2":{"loc":{"start":{"line":49,"column":6},"end":{"line":49,"column":54}},"type":"binary-expr","locations":[{"start":{"line":49,"column":6},"end":{"line":49,"column":11}},{"start":{"line":49,"column":15},"end":{"line":49,"column":54}}],"line":49},"3":{"loc":{"start":{"line":100,"column":2},"end":{"line":105,"column":3}},"type":"if","locations":[{"start":{"line":100,"column":2},"end":{"line":105,"column":3}},{"start":{},"end":{}}],"line":100},"4":{"loc":{"start":{"line":139,"column":2},"end":{"line":144,"column":3}},"type":"if","locations":[{"start":{"line":139,"column":2},"end":{"line":144,"column":3}},{"start":{},"end":{}}],"line":139}},"s":{"0":1,"1":1,"2":1,"3":1,"4":1,"5":2,"6":2,"7":2,"8":1,"9":1,"10":1,"11":1,"12":1,"13":3,"14":3,"15":3,"16":2,"17":1,"18":1,"19":1,"20":1,"21":1,"22":1,"23":1,"24":1,"25":3,"26":3,"27":3,"28":1,"29":2,"30":2,"31":2,"32":2,"33":2,"34":1,"35":1,"36":1,"37":1,"38":1,"39":1,"40":1,"41":2,"42":2,"43":2,"44":1,"45":1,"46":1,"47":1,"48":1,"49":1,"50":1,"51":1,"52":1,"53":1,"54":1},"f":{"0":2,"1":3,"2":1,"3":1,"4":3,"5":2,"6":1},"b":{"0":[1,1],"1":[2,1],"2":[3,2],"3":[1,2],"4":[1,1]},"_coverageSchema":"1a1c01bbd47fc00a2c39e90264f33305004495a9","hash":"7d6516c41c2d3bd2b5402ddbe7fff0adf8464424"}
,"/home/jor/Documents/fit-tracker/controllers/exercisesController.js": {"path":"/home/jor/Documents/fit-tracker/controllers/exercisesController.js","statementMap":{"0":{"start":{"line":12,"column":17},"end":{"line":12,"column":47}},"1":{"start":{"line":15,"column":21},"end":{"line":52,"column":1}},"2":{"start":{"line":16,"column":76},"end":{"line":16,"column":85}},"3":{"start":{"line":19,"column":17},"end":{"line":25,"column":3}},"4":{"start":{"line":28,"column":2},"end":{"line":30,"column":3}},"5":{"start":{"line":29,"column":4},"end":{"line":29,"column":39}},"6":{"start":{"line":33,"column":2},"end":{"line":33,"column":57}},"7":{"start":{"line":33,"column":16},"end":{"line":33,"column":57}},"8":{"start":{"line":34,"column":2},"end":{"line":34,"column":60}},"9":{"start":{"line":34,"column":17},"end":{"line":34,"column":60}},"10":{"start":{"line":35,"column":2},"end":{"line":35,"column":63}},"11":{"start":{"line":35,"column":18},"end":{"line":35,"column":63}},"12":{"start":{"line":37,"column":15},"end":{"line":37,"column":53}},"13":{"start":{"line":38,"column":16},"end":{"line":38,"column":53}},"14":{"start":{"line":40,"column":20},"end":{"line":43,"column":67}},"15":{"start":{"line":45,"column":2},"end":{"line":51,"column":5}},"16":{"start":{"line":55,"column":20},"end":{"line":67,"column":1}},"17":{"start":{"line":56,"column":19},"end":{"line":56,"column":57}},"18":{"start":{"line":57,"column":2},"end":{"line":59,"column":3}},"19":{"start":{"line":58,"column":4},"end":{"line":58,"column":84}},"20":{"start":{"line":62,"column":2},"end":{"line":64,"column":3}},"21":{"start":{"line":63,"column":4},"end":{"line":63,"column":79}},"22":{"start":{"line":66,"column":2},"end":{"line":66,"column":58}},"23":{"start":{"line":70,"column":23},"end":{"line":82,"column":1}},"24":{"start":{"line":71,"column":15},"end":{"line":71,"column":55}},"25":{"start":{"line":73,"column":2},"end":{"line":75,"column":3}},"26":{"start":{"line":74,"column":4},"end":{"line":74,"column":96}},"27":{"start":{"line":74,"column":70},"end":{"line":74,"column":78}},"28":{"start":{"line":76,"column":2},"end":{"line":78,"column":3}},"29":{"start":{"line":77,"column":4},"end":{"line":77,"column":89}},"30":{"start":{"line":77,"column":63},"end":{"line":77,"column":71}},"31":{"start":{"line":80,"column":19},"end":{"line":80,"column":46}},"32":{"start":{"line":81,"column":2},"end":{"line":81,"column":58}},"33":{"start":{"line":85,"column":23},"end":{"line":103,"column":1}},"34":{"start":{"line":86,"column":19},"end":{"line":86,"column":57}},"35":{"start":{"line":87,"column":2},"end":{"line":89,"column":3}},"36":{"start":{"line":88,"column":4},"end":{"line":88,"column":84}},"37":{"start":{"line":92,"column":18},"end":{"line":92,"column":76}},"38":{"start":{"line":93,"column":2},"end":{"line":95,"column":3}},"39":{"start":{"line":94,"column":4},"end":{"line":94,"column":79}},"40":{"start":{"line":97,"column":18},"end":{"line":100,"column":4}},"41":{"start":{"line":102,"column":2},"end":{"line":102,"column":57}},"42":{"start":{"line":106,"column":23},"end":{"line":119,"column":1}},"43":{"start":{"line":107,"column":19},"end":{"line":107,"column":57}},"44":{"start":{"line":108,"column":2},"end":{"line":110,"column":3}},"45":{"start":{"line":109,"column":4},"end":{"line":109,"column":84}},"46":{"start":{"line":112,"column":18},"end":{"line":112,"column":76}},"47":{"start":{"line":113,"column":2},"end":{"line":115,"column":3}},"48":{"start":{"line":114,"column":4},"end":{"line":114,"column":79}},"49":{"start":{"line":117,"column":2},"end":{"line":117,"column":29}},"50":{"start":{"line":118,"column":2},"end":{"line":118,"column":25}},"51":{"start":{"line":126,"column":22},"end":{"line":126,"column":49}},"52":{"start":{"line":128,"column":23},"end":{"line":153,"column":1}},"53":{"start":{"line":129,"column":19},"end":{"line":129,"column":78}},"54":{"start":{"line":130,"column":2},"end":{"line":132,"column":3}},"55":{"start":{"line":131,"column":4},"end":{"line":131,"column":106}},"56":{"start":{"line":134,"column":2},"end":{"line":136,"column":3}},"57":{"start":{"line":135,"column":4},"end":{"line":135,"column":95}},"58":{"start":{"line":138,"column":21},"end":{"line":138,"column":67}},"59":{"start":{"line":139,"column":14},"end":{"line":139,"column":125}},"60":{"start":{"line":141,"column":19},"end":{"line":143,"column":4}},"61":{"start":{"line":145,"column":2},"end":{"line":147,"column":3}},"62":{"start":{"line":146,"column":4},"end":{"line":146,"column":99}},"63":{"start":{"line":149,"column":17},"end":{"line":149,"column":58}},"64":{"start":{"line":150,"column":2},"end":{"line":150,"column":79}},"65":{"start":{"line":151,"column":2},"end":{"line":151,"column":52}},"66":{"start":{"line":152,"column":2},"end":{"line":152,"column":19}},"67":{"start":{"line":155,"column":0},"end":{"line":155,"column":111}}},"fnMap":{"0":{"name":"(anonymous_0)","decl":{"start":{"line":15,"column":21},"end":{"line":15,"column":22}},"loc":{"start":{"line":15,"column":41},"end":{"line":52,"column":1}},"line":15},"1":{"name":"(anonymous_1)","decl":{"start":{"line":55,"column":20},"end":{"line":55,"column":21}},"loc":{"start":{"line":55,"column":40},"end":{"line":67,"column":1}},"line":55},"2":{"name":"(anonymous_2)","decl":{"start":{"line":70,"column":23},"end":{"line":70,"column":24}},"loc":{"start":{"line":70,"column":43},"end":{"line":82,"column":1}},"line":70},"3":{"name":"(anonymous_3)","decl":{"start":{"line":74,"column":65},"end":{"line":74,"column":66}},"loc":{"start":{"line":74,"column":70},"end":{"line":74,"column":78}},"line":74},"4":{"name":"(anonymous_4)","decl":{"start":{"line":77,"column":58},"end":{"line":77,"column":59}},"loc":{"start":{"line":77,"column":63},"end":{"line":77,"column":71}},"line":77},"5":{"name":"(anonymous_5)","decl":{"start":{"line":85,"column":23},"end":{"line":85,"column":24}},"loc":{"start":{"line":85,"column":43},"end":{"line":103,"column":1}},"line":85},"6":{"name":"(anonymous_6)","decl":{"start":{"line":106,"column":23},"end":{"line":106,"column":24}},"loc":{"start":{"line":106,"column":43},"end":{"line":119,"column":1}},"line":106},"7":{"name":"(anonymous_7)","decl":{"start":{"line":128,"column":23},"end":{"line":128,"column":24}},"loc":{"start":{"line":128,"column":43},"end":{"line":153,"column":1}},"line":128}},"branchMap":{"0":{"loc":{"start":{"line":16,"column":51},"end":{"line":16,"column":59}},"type":"default-arg","locations":[{"start":{"line":16,"column":58},"end":{"line":16,"column":59}}],"line":16},"1":{"loc":{"start":{"line":16,"column":61},"end":{"line":16,"column":71}},"type":"default-arg","locations":[{"start":{"line":16,"column":69},"end":{"line":16,"column":71}}],"line":16},"2":{"loc":{"start":{"line":23,"column":10},"end":{"line":23,"column":55}},"type":"cond-expr","locations":[{"start":{"line":23,"column":21},"end":{"line":23,"column":50}},{"start":{"line":23,"column":53},"end":{"line":23,"column":55}}],"line":23},"3":{"loc":{"start":{"line":28,"column":2},"end":{"line":30,"column":3}},"type":"if","locations":[{"start":{"line":28,"column":2},"end":{"line":30,"column":3}},{"start":{},"end":{}}],"line":28},"4":{"loc":{"start":{"line":33,"column":2},"end":{"line":33,"column":57}},"type":"if","locations":[{"start":{"line":33,"column":2},"end":{"line":33,"column":57}},{"start":{},"end":{}}],"line":33},"5":{"loc":{"start":{"line":34,"column":2},"end":{"line":34,"column":60}},"type":"if","locations":[{"start":{"line":34,"column":2},"end":{"line":34,"column":60}},{"start":{},"end":{}}],"line":34},"6":{"loc":{"start":{"line":35,"column":2},"end":{"line":35,"column":63}},"type":"if","locations":[{"start":{"line":35,"column":2},"end":{"line":35,"column":63}},{"start":{},"end":{}}],"line":35},"7":{"loc":{"start":{"line":43,"column":10},"end":{"line":43,"column":66}},"type":"cond-expr","locations":[{"start":{"line":43,"column":19},"end":{"line":43,"column":52}},{"start":{"line":43,"column":55},"end":{"line":43,"column":66}}],"line":43},"8":{"loc":{"start":{"line":57,"column":2},"end":{"line":59,"column":3}},"type":"if","locations":[{"start":{"line":57,"column":2},"end":{"line":59,"column":3}},{"start":{},"end":{}}],"line":57},"9":{"loc":{"start":{"line":62,"column":2},"end":{"line":64,"column":3}},"type":"if","locations":[{"start":{"line":62,"column":2},"end":{"line":64,"column":3}},{"start":{},"end":{}}],"line":62},"10":{"loc":{"start":{"line":62,"column":6},"end":{"line":62,"column":101}},"type":"binary-expr","locations":[{"start":{"line":62,"column":6},"end":{"line":62,"column":24}},{"start":{"line":62,"column":29},"end":{"line":62,"column":38}},{"start":{"line":62,"column":42},"end":{"line":62,"column":100}}],"line":62},"11":{"loc":{"start":{"line":73,"column":2},"end":{"line":75,"column":3}},"type":"if","locations":[{"start":{"line":73,"column":2},"end":{"line":75,"column":3}},{"start":{},"end":{}}],"line":73},"12":{"loc":{"start":{"line":76,"column":2},"end":{"line":78,"column":3}},"type":"if","locations":[{"start":{"line":76,"column":2},"end":{"line":78,"column":3}},{"start":{},"end":{}}],"line":76},"13":{"loc":{"start":{"line":87,"column":2},"end":{"line":89,"column":3}},"type":"if","locations":[{"start":{"line":87,"column":2},"end":{"line":89,"column":3}},{"start":{},"end":{}}],"line":87},"14":{"loc":{"start":{"line":93,"column":2},"end":{"line":95,"column":3}},"type":"if","locations":[{"start":{"line":93,"column":2},"end":{"line":95,"column":3}},{"start":{},"end":{}}],"line":93},"15":{"loc":{"start":{"line":93,"column":6},"end":{"line":93,"column":43}},"type":"binary-expr","locations":[{"start":{"line":93,"column":6},"end":{"line":93,"column":14}},{"start":{"line":93,"column":18},"end":{"line":93,"column":43}}],"line":93},"16":{"loc":{"start":{"line":108,"column":2},"end":{"line":110,"column":3}},"type":"if","locations":[{"start":{"line":108,"column":2},"end":{"line":110,"column":3}},{"start":{},"end":{}}],"line":108},"17":{"loc":{"start":{"line":113,"column":2},"end":{"line":115,"column":3}},"type":"if","locations":[{"start":{"line":113,"column":2},"end":{"line":115,"column":3}},{"start":{},"end":{}}],"line":113},"18":{"loc":{"start":{"line":113,"column":6},"end":{"line":113,"column":43}},"type":"binary-expr","locations":[{"start":{"line":113,"column":6},"end":{"line":113,"column":14}},{"start":{"line":113,"column":18},"end":{"line":113,"column":43}}],"line":113},"19":{"loc":{"start":{"line":130,"column":2},"end":{"line":132,"column":3}},"type":"if","locations":[{"start":{"line":130,"column":2},"end":{"line":132,"column":3}},{"start":{},"end":{}}],"line":130},"20":{"loc":{"start":{"line":130,"column":6},"end":{"line":130,"column":39}},"type":"binary-expr","locations":[{"start":{"line":130,"column":6},"end":{"line":130,"column":15}},{"start":{"line":130,"column":19},"end":{"line":130,"column":39}}],"line":130},"21":{"loc":{"start":{"line":134,"column":2},"end":{"line":136,"column":3}},"type":"if","locations":[{"start":{"line":134,"column":2},"end":{"line":136,"column":3}},{"start":{},"end":{}}],"line":134},"22":{"loc":{"start":{"line":138,"column":21},"end":{"line":138,"column":67}},"type":"cond-expr","locations":[{"start":{"line":138,"column":54},"end":{"line":138,"column":59}},{"start":{"line":138,"column":62},"end":{"line":138,"column":67}}],"line":138},"23":{"loc":{"start":{"line":145,"column":2},"end":{"line":147,"column":3}},"type":"if","locations":[{"start":{"line":145,"column":2},"end":{"line":147,"column":3}},{"start":{},"end":{}}],"line":145},"24":{"loc":{"start":{"line":150,"column":26},"end":{"line":150,"column":77}},"type":"binary-expr","locations":[{"start":{"line":150,"column":26},"end":{"line":150,"column":62}},{"start":{"line":150,"column":66},"end":{"line":150,"column":77}}],"line":150}},"s":{"0":1,"1":1,"2":3,"3":3,"4":3,"5":1,"6":3,"7":1,"8":3,"9":1,"10":3,"11":1,"12":3,"13":3,"14":3,"15":3,"16":1,"17":5,"18":5,"19":1,"20":4,"21":2,"22":2,"23":1,"24":2,"25":2,"26":1,"27":3,"28":2,"29":1,"30":4,"31":2,"32":2,"33":1,"34":4,"35":4,"36":1,"37":3,"38":3,"39":1,"40":2,"41":2,"42":1,"43":3,"44":3,"45":1,"46":2,"47":2,"48":1,"49":1,"50":1,"51":1,"52":1,"53":5,"54":5,"55":1,"56":4,"57":1,"58":3,"59":3,"60":3,"61":3,"62":1,"63":2,"64":2,"65":2,"66":2,"67":1},"f":{"0":3,"1":5,"2":2,"3":3,"4":4,"5":4,"6":3,"7":5},"b":{"0":[2],"1":[2],"2":[1,2],"3":[1,2],"4":[1,2],"5":[1,2],"6":[1,2],"7":[1,2],"8":[1,4],"9":[2,2],"10":[4,3,2],"11":[1,1],"12":[1,1],"13":[1,3],"14":[1,2],"15":[3,2],"16":[1,2],"17":[1,1],"18":[2,1],"19":[1,4],"20":[5,5],"21":[1,3],"22":[1,2],"23":[1,2],"24":[2,1]},"_coverageSchema":"1a1c01bbd47fc00a2c39e90264f33305004495a9","hash":"c9954718a24130f6f910554b96612a9568fac436"}
,"/home/jor/Documents/fit-tracker/controllers/progressController.js": {"path":"/home/jor/Documents/fit-tracker/controllers/progressController.js","statementMap":{"0":{"start":{"line":3,"column":17},"end":{"line":3,"column":46}},"1":{"start":{"line":4,"column":16},"end":{"line":4,"column":45}},"2":{"start":{"line":6,"column":20},"end":{"line":19,"column":1}},"3":{"start":{"line":7,"column":36},"end":{"line":7,"column":45}},"4":{"start":{"line":8,"column":17},"end":{"line":8,"column":39}},"5":{"start":{"line":10,"column":2},"end":{"line":10,"column":44}},"6":{"start":{"line":10,"column":17},"end":{"line":10,"column":44}},"7":{"start":{"line":11,"column":2},"end":{"line":11,"column":47}},"8":{"start":{"line":11,"column":18},"end":{"line":11,"column":47}},"9":{"start":{"line":13,"column":19},"end":{"line":16,"column":29}},"10":{"start":{"line":18,"column":2},"end":{"line":18,"column":82}},"11":{"start":{"line":21,"column":25},"end":{"line":31,"column":1}},"12":{"start":{"line":22,"column":16},"end":{"line":24,"column":24}},"13":{"start":{"line":26,"column":2},"end":{"line":28,"column":3}},"14":{"start":{"line":27,"column":4},"end":{"line":27,"column":90}},"15":{"start":{"line":30,"column":2},"end":{"line":30,"column":55}},"16":{"start":{"line":33,"column":23},"end":{"line":49,"column":1}},"17":{"start":{"line":35,"column":18},"end":{"line":38,"column":4}},"18":{"start":{"line":40,"column":2},"end":{"line":45,"column":3}},"19":{"start":{"line":41,"column":4},"end":{"line":44,"column":7}},"20":{"start":{"line":47,"column":16},"end":{"line":47,"column":74}},"21":{"start":{"line":48,"column":2},"end":{"line":48,"column":55}},"22":{"start":{"line":51,"column":23},"end":{"line":63,"column":1}},"23":{"start":{"line":52,"column":16},"end":{"line":56,"column":3}},"24":{"start":{"line":58,"column":2},"end":{"line":60,"column":3}},"25":{"start":{"line":59,"column":4},"end":{"line":59,"column":90}},"26":{"start":{"line":62,"column":2},"end":{"line":62,"column":55}},"27":{"start":{"line":65,"column":23},"end":{"line":76,"column":1}},"28":{"start":{"line":66,"column":16},"end":{"line":69,"column":4}},"29":{"start":{"line":71,"column":2},"end":{"line":73,"column":3}},"30":{"start":{"line":72,"column":4},"end":{"line":72,"column":90}},"31":{"start":{"line":75,"column":2},"end":{"line":75,"column":25}},"32":{"start":{"line":80,"column":17},"end":{"line":141,"column":1}},"33":{"start":{"line":81,"column":17},"end":{"line":81,"column":29}},"34":{"start":{"line":84,"column":26},"end":{"line":115,"column":4}},"35":{"start":{"line":118,"column":23},"end":{"line":135,"column":4}},"36":{"start":{"line":137,"column":2},"end":{"line":140,"column":5}},"37":{"start":{"line":143,"column":0},"end":{"line":150,"column":2}}},"fnMap":{"0":{"name":"(anonymous_0)","decl":{"start":{"line":6,"column":20},"end":{"line":6,"column":21}},"loc":{"start":{"line":6,"column":40},"end":{"line":19,"column":1}},"line":6},"1":{"name":"(anonymous_1)","decl":{"start":{"line":21,"column":25},"end":{"line":21,"column":26}},"loc":{"start":{"line":21,"column":45},"end":{"line":31,"column":1}},"line":21},"2":{"name":"(anonymous_2)","decl":{"start":{"line":33,"column":23},"end":{"line":33,"column":24}},"loc":{"start":{"line":33,"column":43},"end":{"line":49,"column":1}},"line":33},"3":{"name":"(anonymous_3)","decl":{"start":{"line":51,"column":23},"end":{"line":51,"column":24}},"loc":{"start":{"line":51,"column":43},"end":{"line":63,"column":1}},"line":51},"4":{"name":"(anonymous_4)","decl":{"start":{"line":65,"column":23},"end":{"line":65,"column":24}},"loc":{"start":{"line":65,"column":43},"end":{"line":76,"column":1}},"line":65},"5":{"name":"(anonymous_5)","decl":{"start":{"line":80,"column":17},"end":{"line":80,"column":18}},"loc":{"start":{"line":80,"column":37},"end":{"line":141,"column":1}},"line":80}},"branchMap":{"0":{"loc":{"start":{"line":10,"column":2},"end":{"line":10,"column":44}},"type":"if","locations":[{"start":{"line":10,"column":2},"end":{"line":10,"column":44}},{"start":{},"end":{}}],"line":10},"1":{"loc":{"start":{"line":11,"column":2},"end":{"line":11,"column":47}},"type":"if","locations":[{"start":{"line":11,"column":2},"end":{"line":11,"column":47}},{"start":{},"end":{}}],"line":11},"2":{"loc":{"start":{"line":26,"column":2},"end":{"line":28,"column":3}},"type":"if","locations":[{"start":{"line":26,"column":2},"end":{"line":28,"column":3}},{"start":{},"end":{}}],"line":26},"3":{"loc":{"start":{"line":40,"column":2},"end":{"line":45,"column":3}},"type":"if","locations":[{"start":{"line":40,"column":2},"end":{"line":45,"column":3}},{"start":{},"end":{}}],"line":40},"4":{"loc":{"start":{"line":58,"column":2},"end":{"line":60,"column":3}},"type":"if","locations":[{"start":{"line":58,"column":2},"end":{"line":60,"column":3}},{"start":{},"end":{}}],"line":58},"5":{"loc":{"start":{"line":71,"column":2},"end":{"line":73,"column":3}},"type":"if","locations":[{"start":{"line":71,"column":2},"end":{"line":73,"column":3}},{"start":{},"end":{}}],"line":71}},"s":{"0":1,"1":1,"2":1,"3":2,"4":2,"5":2,"6":1,"7":2,"8":1,"9":2,"10":2,"11":1,"12":2,"13":2,"14":1,"15":1,"16":1,"17":2,"18":2,"19":1,"20":1,"21":1,"22":1,"23":2,"24":2,"25":1,"26":1,"27":1,"28":2,"29":2,"30":1,"31":1,"32":1,"33":2,"34":2,"35":2,"36":2,"37":1},"f":{"0":2,"1":2,"2":2,"3":2,"4":2,"5":2},"b":{"0":[1,1],"1":[1,1],"2":[1,1],"3":[1,1],"4":[1,1],"5":[1,1]},"_coverageSchema":"1a1c01bbd47fc00a2c39e90264f33305004495a9","hash":"9f19ab1ba2f5e642f97b05a635e49897018cc552"}
,"/home/jor/Documents/fit-tracker/controllers/routinesController.js": {"path":"/home/jor/Documents/fit-tracker/controllers/routinesController.js","statementMap":{"0":{"start":{"line":3,"column":16},"end":{"line":3,"column":45}},"1":{"start":{"line":5,"column":20},"end":{"line":17,"column":1}},"2":{"start":{"line":7,"column":17},"end":{"line":9,"column":3}},"3":{"start":{"line":11,"column":19},"end":{"line":14,"column":28}},"4":{"start":{"line":16,"column":2},"end":{"line":16,"column":82}},"5":{"start":{"line":19,"column":19},"end":{"line":34,"column":1}},"6":{"start":{"line":20,"column":18},"end":{"line":22,"column":35}},"7":{"start":{"line":24,"column":2},"end":{"line":26,"column":3}},"8":{"start":{"line":25,"column":4},"end":{"line":25,"column":83}},"9":{"start":{"line":28,"column":18},"end":{"line":28,"column":91}},"10":{"start":{"line":29,"column":2},"end":{"line":31,"column":3}},"11":{"start":{"line":30,"column":4},"end":{"line":30,"column":79}},"12":{"start":{"line":33,"column":2},"end":{"line":33,"column":57}},"13":{"start":{"line":36,"column":22},"end":{"line":39,"column":1}},"14":{"start":{"line":37,"column":18},"end":{"line":37,"column":76}},"15":{"start":{"line":38,"column":2},"end":{"line":38,"column":57}},"16":{"start":{"line":41,"column":22},"end":{"line":57,"column":1}},"17":{"start":{"line":42,"column":18},"end":{"line":42,"column":55}},"18":{"start":{"line":43,"column":2},"end":{"line":45,"column":3}},"19":{"start":{"line":44,"column":4},"end":{"line":44,"column":83}},"20":{"start":{"line":47,"column":2},"end":{"line":49,"column":3}},"21":{"start":{"line":48,"column":4},"end":{"line":48,"column":102}},"22":{"start":{"line":51,"column":18},"end":{"line":54,"column":52}},"23":{"start":{"line":56,"column":2},"end":{"line":56,"column":57}},"24":{"start":{"line":59,"column":22},"end":{"line":71,"column":1}},"25":{"start":{"line":60,"column":18},"end":{"line":60,"column":55}},"26":{"start":{"line":61,"column":2},"end":{"line":63,"column":3}},"27":{"start":{"line":62,"column":4},"end":{"line":62,"column":83}},"28":{"start":{"line":65,"column":2},"end":{"line":67,"column":3}},"29":{"start":{"line":66,"column":4},"end":{"line":66,"column":79}},"30":{"start":{"line":69,"column":2},"end":{"line":69,"column":28}},"31":{"start":{"line":70,"column":2},"end":{"line":70,"column":25}},"32":{"start":{"line":74,"column":20},"end":{"line":90,"column":1}},"33":{"start":{"line":75,"column":17},"end":{"line":75,"column":54}},"34":{"start":{"line":76,"column":2},"end":{"line":78,"column":3}},"35":{"start":{"line":77,"column":4},"end":{"line":77,"column":83}},"36":{"start":{"line":80,"column":15},"end":{"line":87,"column":4}},"37":{"start":{"line":89,"column":2},"end":{"line":89,"column":54}},"38":{"start":{"line":92,"column":0},"end":{"line":92,"column":103}}},"fnMap":{"0":{"name":"(anonymous_0)","decl":{"start":{"line":5,"column":20},"end":{"line":5,"column":21}},"loc":{"start":{"line":5,"column":40},"end":{"line":17,"column":1}},"line":5},"1":{"name":"(anonymous_1)","decl":{"start":{"line":19,"column":19},"end":{"line":19,"column":20}},"loc":{"start":{"line":19,"column":39},"end":{"line":34,"column":1}},"line":19},"2":{"name":"(anonymous_2)","decl":{"start":{"line":36,"column":22},"end":{"line":36,"column":23}},"loc":{"start":{"line":36,"column":42},"end":{"line":39,"column":1}},"line":36},"3":{"name":"(anonymous_3)","decl":{"start":{"line":41,"column":22},"end":{"line":41,"column":23}},"loc":{"start":{"line":41,"column":42},"end":{"line":57,"column":1}},"line":41},"4":{"name":"(anonymous_4)","decl":{"start":{"line":59,"column":22},"end":{"line":59,"column":23}},"loc":{"start":{"line":59,"column":42},"end":{"line":71,"column":1}},"line":59},"5":{"name":"(anonymous_5)","decl":{"start":{"line":74,"column":20},"end":{"line":74,"column":21}},"loc":{"start":{"line":74,"column":40},"end":{"line":90,"column":1}},"line":74}},"branchMap":{"0":{"loc":{"start":{"line":24,"column":2},"end":{"line":26,"column":3}},"type":"if","locations":[{"start":{"line":24,"column":2},"end":{"line":26,"column":3}},{"start":{},"end":{}}],"line":24},"1":{"loc":{"start":{"line":28,"column":18},"end":{"line":28,"column":91}},"type":"binary-expr","locations":[{"start":{"line":28,"column":18},"end":{"line":28,"column":31}},{"start":{"line":28,"column":35},"end":{"line":28,"column":91}}],"line":28},"2":{"loc":{"start":{"line":29,"column":2},"end":{"line":31,"column":3}},"type":"if","locations":[{"start":{"line":29,"column":2},"end":{"line":31,"column":3}},{"start":{},"end":{}}],"line":29},"3":{"loc":{"start":{"line":29,"column":6},"end":{"line":29,"column":35}},"type":"binary-expr","locations":[{"start":{"line":29,"column":6},"end":{"line":29,"column":23}},{"start":{"line":29,"column":27},"end":{"line":29,"column":35}}],"line":29},"4":{"loc":{"start":{"line":43,"column":2},"end":{"line":45,"column":3}},"type":"if","locations":[{"start":{"line":43,"column":2},"end":{"line":45,"column":3}},{"start":{},"end":{}}],"line":43},"5":{"loc":{"start":{"line":47,"column":2},"end":{"line":49,"column":3}},"type":"if","locations":[{"start":{"line":47,"column":2},"end":{"line":49,"column":3}},{"start":{},"end":{}}],"line":47},"6":{"loc":{"start":{"line":61,"column":2},"end":{"line":63,"column":3}},"type":"if","locations":[{"start":{"line":61,"column":2},"end":{"line":63,"column":3}},{"start":{},"end":{}}],"line":61},"7":{"loc":{"start":{"line":65,"column":2},"end":{"line":67,"column":3}},"type":"if","locations":[{"start":{"line":65,"column":2},"end":{"line":67,"column":3}},{"start":{},"end":{}}],"line":65},"8":{"loc":{"start":{"line":65,"column":6},"end":{"line":65,"column":87}},"type":"binary-expr","locations":[{"start":{"line":65,"column":6},"end":{"line":65,"column":58}},{"start":{"line":65,"column":62},"end":{"line":65,"column":87}}],"line":65},"9":{"loc":{"start":{"line":76,"column":2},"end":{"line":78,"column":3}},"type":"if","locations":[{"start":{"line":76,"column":2},"end":{"line":78,"column":3}},{"start":{},"end":{}}],"line":76},"10":{"loc":{"start":{"line":76,"column":6},"end":{"line":76,"column":90}},"type":"binary-expr","locations":[{"start":{"line":76,"column":6},"end":{"line":76,"column":13}},{"start":{"line":76,"column":18},"end":{"line":76,"column":34}},{"start":{"line":76,"column":38},"end":{"line":76,"column":89}}],"line":76}},"s":{"0":1,"1":1,"2":1,"3":1,"4":1,"5":1,"6":4,"7":4,"8":1,"9":3,"10":3,"11":1,"12":2,"13":1,"14":1,"15":1,"16":1,"17":3,"18":3,"19":1,"20":2,"21":1,"22":1,"23":1,"24":1,"25":4,"26":4,"27":1,"28":3,"29":1,"30":2,"31":2,"32":1,"33":4,"34":4,"35":2,"36":2,"37":2,"38":1},"f":{"0":1,"1":4,"2":1,"3":3,"4":4,"5":4},"b":{"0":[1,3],"1":[3,3],"2":[1,2],"3":[3,2],"4":[1,2],"5":[1,1],"6":[1,3],"7":[1,2],"8":[3,2],"9":[2,2],"10":[4,3,2]},"_coverageSchema":"1a1c01bbd47fc00a2c39e90264f33305004495a9","hash":"78c01d449344ee0c5348d0a8db9f688f693cd729"}
,"/home/jor/Documents/fit-tracker/controllers/sessionsController.js": {"path":"/home/jor/Documents/fit-tracker/controllers/sessionsController.js","statementMap":{"0":{"start":{"line":10,"column":16},"end":{"line":10,"column":45}},"1":{"start":{"line":11,"column":13},"end":{"line":11,"column":38}},"2":{"start":{"line":13,"column":20},"end":{"line":33,"column":1}},"3":{"start":{"line":14,"column":35},"end":{"line":14,"column":44}},"4":{"start":{"line":15,"column":15},"end":{"line":15,"column":53}},"5":{"start":{"line":17,"column":28},"end":{"line":24,"column":4}},"6":{"start":{"line":26,"column":2},"end":{"line":32,"column":5}},"7":{"start":{"line":35,"column":19},"end":{"line":46,"column":1}},"8":{"start":{"line":36,"column":18},"end":{"line":39,"column":24}},"9":{"start":{"line":41,"column":2},"end":{"line":43,"column":3}},"10":{"start":{"line":42,"column":4},"end":{"line":42,"column":83}},"11":{"start":{"line":45,"column":2},"end":{"line":45,"column":57}},"12":{"start":{"line":48,"column":22},"end":{"line":83,"column":1}},"13":{"start":{"line":49,"column":18},"end":{"line":49,"column":75}},"14":{"start":{"line":52,"column":15},"end":{"line":52,"column":48}},"15":{"start":{"line":53,"column":16},"end":{"line":53,"column":26}},"16":{"start":{"line":54,"column":2},"end":{"line":54,"column":29}},"17":{"start":{"line":56,"column":20},"end":{"line":56,"column":35}},"18":{"start":{"line":57,"column":2},"end":{"line":57,"column":45}},"19":{"start":{"line":59,"column":36},"end":{"line":59,"column":40}},"20":{"start":{"line":61,"column":2},"end":{"line":74,"column":3}},"21":{"start":{"line":62,"column":17},"end":{"line":62,"column":42}},"22":{"start":{"line":63,"column":4},"end":{"line":63,"column":30}},"23":{"start":{"line":65,"column":4},"end":{"line":71,"column":5}},"24":{"start":{"line":67,"column":11},"end":{"line":71,"column":5}},"25":{"start":{"line":68,"column":6},"end":{"line":68,"column":18}},"26":{"start":{"line":70,"column":6},"end":{"line":70,"column":17}},"27":{"start":{"line":73,"column":4},"end":{"line":73,"column":15}},"28":{"start":{"line":76,"column":2},"end":{"line":79,"column":5}},"29":{"start":{"line":82,"column":2},"end":{"line":82,"column":57}},"30":{"start":{"line":85,"column":22},"end":{"line":97,"column":1}},"31":{"start":{"line":86,"column":18},"end":{"line":90,"column":3}},"32":{"start":{"line":92,"column":2},"end":{"line":94,"column":3}},"33":{"start":{"line":93,"column":4},"end":{"line":93,"column":83}},"34":{"start":{"line":96,"column":2},"end":{"line":96,"column":57}},"35":{"start":{"line":99,"column":22},"end":{"line":110,"column":1}},"36":{"start":{"line":100,"column":18},"end":{"line":103,"column":4}},"37":{"start":{"line":105,"column":2},"end":{"line":107,"column":3}},"38":{"start":{"line":106,"column":4},"end":{"line":106,"column":83}},"39":{"start":{"line":109,"column":2},"end":{"line":109,"column":25}},"40":{"start":{"line":112,"column":0},"end":{"line":112,"column":90}}},"fnMap":{"0":{"name":"(anonymous_0)","decl":{"start":{"line":13,"column":20},"end":{"line":13,"column":21}},"loc":{"start":{"line":13,"column":40},"end":{"line":33,"column":1}},"line":13},"1":{"name":"(anonymous_1)","decl":{"start":{"line":35,"column":19},"end":{"line":35,"column":20}},"loc":{"start":{"line":35,"column":39},"end":{"line":46,"column":1}},"line":35},"2":{"name":"(anonymous_2)","decl":{"start":{"line":48,"column":22},"end":{"line":48,"column":23}},"loc":{"start":{"line":48,"column":42},"end":{"line":83,"column":1}},"line":48},"3":{"name":"(anonymous_3)","decl":{"start":{"line":85,"column":22},"end":{"line":85,"column":23}},"loc":{"start":{"line":85,"column":42},"end":{"line":97,"column":1}},"line":85},"4":{"name":"(anonymous_4)","decl":{"start":{"line":99,"column":22},"end":{"line":99,"column":23}},"loc":{"start":{"line":99,"column":42},"end":{"line":110,"column":1}},"line":99}},"branchMap":{"0":{"loc":{"start":{"line":14,"column":10},"end":{"line":14,"column":18}},"type":"default-arg","locations":[{"start":{"line":14,"column":17},"end":{"line":14,"column":18}}],"line":14},"1":{"loc":{"start":{"line":14,"column":20},"end":{"line":14,"column":30}},"type":"default-arg","locations":[{"start":{"line":14,"column":28},"end":{"line":14,"column":30}}],"line":14},"2":{"loc":{"start":{"line":41,"column":2},"end":{"line":43,"column":3}},"type":"if","locations":[{"start":{"line":41,"column":2},"end":{"line":43,"column":3}},{"start":{},"end":{}}],"line":41},"3":{"loc":{"start":{"line":61,"column":2},"end":{"line":74,"column":3}},"type":"if","locations":[{"start":{"line":61,"column":2},"end":{"line":74,"column":3}},{"start":{"line":72,"column":9},"end":{"line":74,"column":3}}],"line":61},"4":{"loc":{"start":{"line":65,"column":4},"end":{"line":71,"column":5}},"type":"if","locations":[{"start":{"line":65,"column":4},"end":{"line":71,"column":5}},{"start":{"line":67,"column":11},"end":{"line":71,"column":5}}],"line":65},"5":{"loc":{"start":{"line":67,"column":11},"end":{"line":71,"column":5}},"type":"if","locations":[{"start":{"line":67,"column":11},"end":{"line":71,"column":5}},{"start":{"line":69,"column":11},"end":{"line":71,"column":5}}],"line":67},"6":{"loc":{"start":{"line":92,"column":2},"end":{"line":94,"column":3}},"type":"if","locations":[{"start":{"line":92,"column":2},"end":{"line":94,"column":3}},{"start":{},"end":{}}],"line":92},"7":{"loc":{"start":{"line":105,"column":2},"end":{"line":107,"column":3}},"type":"if","locations":[{"start":{"line":105,"column":2},"end":{"line":107,"column":3}},{"start":{},"end":{}}],"line":105}},"s":{"0":1,"1":1,"2":1,"3":2,"4":2,"5":2,"6":2,"7":1,"8":2,"9":2,"10":1,"11":1,"12":1,"13":5,"14":5,"15":5,"16":5,"17":5,"18":5,"19":5,"20":5,"21":3,"22":3,"23":3,"24":2,"25":1,"26":1,"27":2,"28":5,"29":5,"30":1,"31":2,"32":2,"33":1,"34":1,"35":1,"36":2,"37":2,"38":1,"39":1,"40":1},"f":{"0":2,"1":2,"2":5,"3":2,"4":2},"b":{"0":[1],"1":[1],"2":[1,1],"3":[3,2],"4":[1,2],"5":[1,1],"6":[1,1],"7":[1,1]},"_coverageSchema":"1a1c01bbd47fc00a2c39e90264f33305004495a9","hash":"6d5ba2759fce2d445230a6c3666410afeab7799e"}
,"/home/jor/Documents/fit-tracker/controllers/usersController.js": {"path":"/home/jor/Documents/fit-tracker/controllers/usersController.js","statementMap":{"0":{"start":{"line":3,"column":13},"end":{"line":3,"column":38}},"1":{"start":{"line":6,"column":16},"end":{"line":18,"column":1}},"2":{"start":{"line":8,"column":2},"end":{"line":10,"column":3}},"3":{"start":{"line":9,"column":4},"end":{"line":9,"column":79}},"4":{"start":{"line":12,"column":15},"end":{"line":12,"column":49}},"5":{"start":{"line":13,"column":2},"end":{"line":15,"column":3}},"6":{"start":{"line":14,"column":4},"end":{"line":14,"column":80}},"7":{"start":{"line":17,"column":2},"end":{"line":17,"column":69}},"8":{"start":{"line":21,"column":19},"end":{"line":40,"column":1}},"9":{"start":{"line":22,"column":2},"end":{"line":24,"column":3}},"10":{"start":{"line":23,"column":4},"end":{"line":23,"column":79}},"11":{"start":{"line":27,"column":19},"end":{"line":27,"column":27}},"12":{"start":{"line":29,"column":15},"end":{"line":33,"column":3}},"13":{"start":{"line":35,"column":2},"end":{"line":37,"column":3}},"14":{"start":{"line":36,"column":4},"end":{"line":36,"column":80}},"15":{"start":{"line":39,"column":2},"end":{"line":39,"column":69}},"16":{"start":{"line":43,"column":19},"end":{"line":50,"column":1}},"17":{"start":{"line":44,"column":2},"end":{"line":46,"column":3}},"18":{"start":{"line":45,"column":4},"end":{"line":45,"column":79}},"19":{"start":{"line":48,"column":2},"end":{"line":48,"column":46}},"20":{"start":{"line":49,"column":2},"end":{"line":49,"column":25}},"21":{"start":{"line":52,"column":0},"end":{"line":52,"column":53}}},"fnMap":{"0":{"name":"(anonymous_0)","decl":{"start":{"line":6,"column":16},"end":{"line":6,"column":17}},"loc":{"start":{"line":6,"column":36},"end":{"line":18,"column":1}},"line":6},"1":{"name":"(anonymous_1)","decl":{"start":{"line":21,"column":19},"end":{"line":21,"column":20}},"loc":{"start":{"line":21,"column":39},"end":{"line":40,"column":1}},"line":21},"2":{"name":"(anonymous_2)","decl":{"start":{"line":43,"column":19},"end":{"line":43,"column":20}},"loc":{"start":{"line":43,"column":39},"end":{"line":50,"column":1}},"line":43}},"branchMap":{"0":{"loc":{"start":{"line":8,"column":2},"end":{"line":10,"column":3}},"type":"if","locations":[{"start":{"line":8,"column":2},"end":{"line":10,"column":3}},{"start":{},"end":{}}],"line":8},"1":{"loc":{"start":{"line":8,"column":6},"end":{"line":8,"column":76}},"type":"binary-expr","locations":[{"start":{"line":8,"column":6},"end":{"line":8,"column":47}},{"start":{"line":8,"column":51},"end":{"line":8,"column":76}}],"line":8},"2":{"loc":{"start":{"line":13,"column":2},"end":{"line":15,"column":3}},"type":"if","locations":[{"start":{"line":13,"column":2},"end":{"line":15,"column":3}},{"start":{},"end":{}}],"line":13},"3":{"loc":{"start":{"line":22,"column":2},"end":{"line":24,"column":3}},"type":"if","locations":[{"start":{"line":22,"column":2},"end":{"line":24,"column":3}},{"start":{},"end":{}}],"line":22},"4":{"loc":{"start":{"line":22,"column":6},"end":{"line":22,"column":76}},"type":"binary-expr","locations":[{"start":{"line":22,"column":6},"end":{"line":22,"column":47}},{"start":{"line":22,"column":51},"end":{"line":22,"column":76}}],"line":22},"5":{"loc":{"start":{"line":35,"column":2},"end":{"line":37,"column":3}},"type":"if","locations":[{"start":{"line":35,"column":2},"end":{"line":37,"column":3}},{"start":{},"end":{}}],"line":35},"6":{"loc":{"start":{"line":44,"column":2},"end":{"line":46,"column":3}},"type":"if","locations":[{"start":{"line":44,"column":2},"end":{"line":46,"column":3}},{"start":{},"end":{}}],"line":44},"7":{"loc":{"start":{"line":44,"column":6},"end":{"line":44,"column":76}},"type":"binary-expr","locations":[{"start":{"line":44,"column":6},"end":{"line":44,"column":47}},{"start":{"line":44,"column":51},"end":{"line":44,"column":76}}],"line":44}},"s":{"0":1,"1":1,"2":4,"3":1,"4":3,"5":3,"6":1,"7":2,"8":1,"9":3,"10":1,"11":2,"12":2,"13":2,"14":1,"15":1,"16":1,"17":3,"18":1,"19":2,"20":2,"21":1},"f":{"0":4,"1":3,"2":3},"b":{"0":[1,3],"1":[4,2],"2":[1,2],"3":[1,2],"4":[3,1],"5":[1,1],"6":[1,2],"7":[3,2]},"_coverageSchema":"1a1c01bbd47fc00a2c39e90264f33305004495a9","hash":"e82253554169bdf274c3ef7e164c85676db3c0c0"}
,"/home/jor/Documents/fit-tracker/middlewares/auth.js": {"path":"/home/jor/Documents/fit-tracker/middlewares/auth.js","statementMap":{"0":{"start":{"line":1,"column":24},"end":{"line":1,"column":49}},"1":{"start":{"line":2,"column":13},"end":{"line":2,"column":38}},"2":{"start":{"line":4,"column":16},"end":{"line":42,"column":1}},"3":{"start":{"line":5,"column":2},"end":{"line":41,"column":3}},"4":{"start":{"line":7,"column":23},"end":{"line":7,"column":48}},"5":{"start":{"line":8,"column":4},"end":{"line":13,"column":5}},"6":{"start":{"line":9,"column":6},"end":{"line":12,"column":9}},"7":{"start":{"line":15,"column":18},"end":{"line":15,"column":42}},"8":{"start":{"line":18,"column":20},"end":{"line":18,"column":38}},"9":{"start":{"line":21,"column":17},"end":{"line":21,"column":48}},"10":{"start":{"line":22,"column":4},"end":{"line":27,"column":5}},"11":{"start":{"line":23,"column":6},"end":{"line":26,"column":9}},"12":{"start":{"line":30,"column":4},"end":{"line":30,"column":20}},"13":{"start":{"line":31,"column":4},"end":{"line":31,"column":11}},"14":{"start":{"line":36,"column":6},"end":{"line":38,"column":47}},"15":{"start":{"line":40,"column":4},"end":{"line":40,"column":61}},"16":{"start":{"line":48,"column":19},"end":{"line":58,"column":1}},"17":{"start":{"line":49,"column":2},"end":{"line":57,"column":4}},"18":{"start":{"line":50,"column":4},"end":{"line":55,"column":5}},"19":{"start":{"line":51,"column":6},"end":{"line":54,"column":9}},"20":{"start":{"line":56,"column":4},"end":{"line":56,"column":11}},"21":{"start":{"line":60,"column":0},"end":{"line":60,"column":41}}},"fnMap":{"0":{"name":"(anonymous_0)","decl":{"start":{"line":4,"column":16},"end":{"line":4,"column":17}},"loc":{"start":{"line":4,"column":42},"end":{"line":42,"column":1}},"line":4},"1":{"name":"(anonymous_1)","decl":{"start":{"line":48,"column":19},"end":{"line":48,"column":20}},"loc":{"start":{"line":48,"column":33},"end":{"line":58,"column":1}},"line":48},"2":{"name":"(anonymous_2)","decl":{"start":{"line":49,"column":9},"end":{"line":49,"column":10}},"loc":{"start":{"line":49,"column":29},"end":{"line":57,"column":3}},"line":49}},"branchMap":{"0":{"loc":{"start":{"line":8,"column":4},"end":{"line":13,"column":5}},"type":"if","locations":[{"start":{"line":8,"column":4},"end":{"line":13,"column":5}},{"start":{},"end":{}}],"line":8},"1":{"loc":{"start":{"line":8,"column":8},"end":{"line":8,"column":56}},"type":"binary-expr","locations":[{"start":{"line":8,"column":8},"end":{"line":8,"column":19}},{"start":{"line":8,"column":23},"end":{"line":8,"column":56}}],"line":8},"2":{"loc":{"start":{"line":22,"column":4},"end":{"line":27,"column":5}},"type":"if","locations":[{"start":{"line":22,"column":4},"end":{"line":27,"column":5}},{"start":{},"end":{}}],"line":22},"3":{"loc":{"start":{"line":36,"column":6},"end":{"line":38,"column":47}},"type":"cond-expr","locations":[{"start":{"line":37,"column":10},"end":{"line":37,"column":58}},{"start":{"line":38,"column":10},"end":{"line":38,"column":47}}],"line":36},"4":{"loc":{"start":{"line":50,"column":4},"end":{"line":55,"column":5}},"type":"if","locations":[{"start":{"line":50,"column":4},"end":{"line":55,"column":5}},{"start":{},"end":{}}],"line":50}},"s":{"0":1,"1":1,"2":1,"3":6,"4":6,"5":6,"6":2,"7":4,"8":4,"9":2,"10":2,"11":1,"12":1,"13":1,"14":2,"15":2,"16":1,"17":2,"18":2,"19":1,"20":1,"21":1},"f":{"0":6,"1":2,"2":2},"b":{"0":[2,4],"1":[6,5],"2":[1,1],"3":[1,1],"4":[1,1]},"_coverageSchema":"1a1c01bbd47fc00a2c39e90264f33305004495a9","hash":"b6340f986cd251b2a1deb5aee1d4dd3a008e7207"}
,"/home/jor/Documents/fit-tracker/middlewares/validate.js": {"path":"/home/jor/Documents/fit-tracker/middlewares/validate.js","statementMap":{"0":{"start":{"line":1,"column":49},"end":{"line":1,"column":77}},"1":{"start":{"line":4,"column":31},"end":{"line":14,"column":1}},"2":{"start":{"line":5,"column":17},"end":{"line":5,"column":38}},"3":{"start":{"line":6,"column":2},"end":{"line":12,"column":3}},"4":{"start":{"line":7,"column":4},"end":{"line":11,"column":7}},"5":{"start":{"line":10,"column":41},"end":{"line":10,"column":74}},"6":{"start":{"line":13,"column":2},"end":{"line":13,"column":9}},"7":{"start":{"line":17,"column":25},"end":{"line":24,"column":1}},"8":{"start":{"line":26,"column":22},"end":{"line":30,"column":1}},"9":{"start":{"line":33,"column":25},"end":{"line":43,"column":1}},"10":{"start":{"line":46,"column":24},"end":{"line":67,"column":1}},"11":{"start":{"line":70,"column":24},"end":{"line":81,"column":1}},"12":{"start":{"line":84,"column":25},"end":{"line":92,"column":1}},"13":{"start":{"line":95,"column":31},"end":{"line":98,"column":1}},"14":{"start":{"line":101,"column":30},"end":{"line":106,"column":1}},"15":{"start":{"line":108,"column":0},"end":{"line":117,"column":2}}},"fnMap":{"0":{"name":"(anonymous_0)","decl":{"start":{"line":4,"column":31},"end":{"line":4,"column":32}},"loc":{"start":{"line":4,"column":51},"end":{"line":14,"column":1}},"line":4},"1":{"name":"(anonymous_1)","decl":{"start":{"line":10,"column":33},"end":{"line":10,"column":34}},"loc":{"start":{"line":10,"column":41},"end":{"line":10,"column":74}},"line":10}},"branchMap":{"0":{"loc":{"start":{"line":6,"column":2},"end":{"line":12,"column":3}},"type":"if","locations":[{"start":{"line":6,"column":2},"end":{"line":12,"column":3}},{"start":{},"end":{}}],"line":6}},"s":{"0":1,"1":1,"2":23,"3":23,"4":15,"5":15,"6":8,"7":1,"8":1,"9":1,"10":1,"11":1,"12":1,"13":1,"14":1,"15":1},"f":{"0":23,"1":15},"b":{"0":[15,8]},"_coverageSchema":"1a1c01bbd47fc00a2c39e90264f33305004495a9","hash":"63bb41b570f0df495b1d57c97e7e7cd2582e65e1"}
,"/home/jor/Documents/fit-tracker/models/user.js": {"path":"/home/jor/Documents/fit-tracker/models/user.js","statementMap":{"0":{"start":{"line":2,"column":17},"end":{"line":2,"column":36}},"1":{"start":{"line":3,"column":15},"end":{"line":3,"column":32}},"2":{"start":{"line":4,"column":15},"end":{"line":4,"column":32}},"3":{"start":{"line":6,"column":19},"end":{"line":48,"column":1}},"4":{"start":{"line":52,"column":0},"end":{"line":59,"column":3}},"5":{"start":{"line":54,"column":2},"end":{"line":54,"column":43}},"6":{"start":{"line":54,"column":36},"end":{"line":54,"column":43}},"7":{"start":{"line":58,"column":2},"end":{"line":58,"column":55}},"8":{"start":{"line":64,"column":0},"end":{"line":66,"column":2}},"9":{"start":{"line":65,"column":2},"end":{"line":65,"column":58}},"10":{"start":{"line":70,"column":0},"end":{"line":77,"column":2}},"11":{"start":{"line":71,"column":14},"end":{"line":71,"column":29}},"12":{"start":{"line":72,"column":2},"end":{"line":72,"column":22}},"13":{"start":{"line":73,"column":2},"end":{"line":73,"column":17}},"14":{"start":{"line":74,"column":2},"end":{"line":74,"column":32}},"15":{"start":{"line":75,"column":2},"end":{"line":75,"column":34}},"16":{"start":{"line":76,"column":2},"end":{"line":76,"column":13}},"17":{"start":{"line":80,"column":0},"end":{"line":85,"column":2}},"18":{"start":{"line":81,"column":16},"end":{"line":81,"column":54}},"19":{"start":{"line":82,"column":2},"end":{"line":82,"column":84}},"20":{"start":{"line":83,"column":2},"end":{"line":83,"column":58}},"21":{"start":{"line":84,"column":2},"end":{"line":84,"column":15}},"22":{"start":{"line":87,"column":0},"end":{"line":87,"column":52}}},"fnMap":{"0":{"name":"(anonymous_0)","decl":{"start":{"line":52,"column":23},"end":{"line":52,"column":24}},"loc":{"start":{"line":52,"column":41},"end":{"line":59,"column":1}},"line":52},"1":{"name":"(anonymous_1)","decl":{"start":{"line":64,"column":37},"end":{"line":64,"column":38}},"loc":{"start":{"line":64,"column":72},"end":{"line":66,"column":1}},"line":64},"2":{"name":"(anonymous_2)","decl":{"start":{"line":70,"column":34},"end":{"line":70,"column":35}},"loc":{"start":{"line":70,"column":46},"end":{"line":77,"column":1}},"line":70},"3":{"name":"(anonymous_3)","decl":{"start":{"line":80,"column":40},"end":{"line":80,"column":41}},"loc":{"start":{"line":80,"column":52},"end":{"line":85,"column":1}},"line":80}},"branchMap":{"0":{"loc":{"start":{"line":54,"column":2},"end":{"line":54,"column":43}},"type":"if","locations":[{"start":{"line":54,"column":2},"end":{"line":54,"column":43}},{"start":{},"end":{}}],"line":54}},"s":{"0":5,"1":5,"2":5,"3":5,"4":5,"5":5,"6":1,"7":4,"8":5,"9":2,"10":5,"11":1,"12":1,"13":1,"14":1,"15":1,"16":1,"17":5,"18":1,"19":1,"20":1,"21":1,"22":5},"f":{"0":5,"1":2,"2":1,"3":1},"b":{"0":[1,4]},"_coverageSchema":"1a1c01bbd47fc00a2c39e90264f33305004495a9","hash":"6db0a7c9a869c49c1ef215039b117afb7179f5ca"}
,"/home/jor/Documents/fit-tracker/utils/token.js": {"path":"/home/jor/Documents/fit-tracker/utils/token.js","statementMap":{"0":{"start":{"line":3,"column":12},"end":{"line":3,"column":35}},"1":{"start":{"line":6,"column":18},"end":{"line":8,"column":1}},"2":{"start":{"line":7,"column":4},"end":{"line":7,"column":68}},"3":{"start":{"line":18,"column":20},"end":{"line":20,"column":1}},"4":{"start":{"line":19,"column":4},"end":{"line":19,"column":53}},"5":{"start":{"line":22,"column":0},"end":{"line":22,"column":44}}},"fnMap":{"0":{"name":"(anonymous_0)","decl":{"start":{"line":6,"column":18},"end":{"line":6,"column":19}},"loc":{"start":{"line":6,"column":71},"end":{"line":8,"column":1}},"line":6},"1":{"name":"(anonymous_1)","decl":{"start":{"line":18,"column":20},"end":{"line":18,"column":21}},"loc":{"start":{"line":18,"column":31},"end":{"line":20,"column":1}},"line":18}},"branchMap":{"0":{"loc":{"start":{"line":6,"column":28},"end":{"line":6,"column":66}},"type":"default-arg","locations":[{"start":{"line":6,"column":40},"end":{"line":6,"column":66}}],"line":6}},"s":{"0":3,"1":3,"2":11,"3":3,"4":8,"5":3},"f":{"0":11,"1":8},"b":{"0":[8]},"_coverageSchema":"1a1c01bbd47fc00a2c39e90264f33305004495a9","hash":"e640db3cbf956b6cbcb7c37ed9dab4fc7d9384be"}
}
