TN:
SF:controllers/authController.js
FN:15,(anonymous_0)
FN:42,(anonymous_1)
FN:68,(anonymous_2)
FN:80,(anonymous_3)
FN:96,(anonymous_4)
FN:131,(anonymous_5)
FN:163,(anonymous_6)
FNF:7
FNH:7
FNDA:2,(anonymous_0)
FNDA:3,(anonymous_1)
FNDA:1,(anonymous_2)
FNDA:1,(anonymous_3)
FNDA:3,(anonymous_4)
FNDA:2,(anonymous_5)
FNDA:1,(anonymous_6)
DA:9,1
DA:10,1
DA:11,1
DA:12,1
DA:15,1
DA:16,2
DA:19,2
DA:20,2
DA:21,1
DA:28,1
DA:31,1
DA:33,1
DA:42,1
DA:43,3
DA:46,3
DA:49,3
DA:50,2
DA:56,1
DA:58,1
DA:68,1
DA:69,1
DA:80,1
DA:82,1
DA:88,1
DA:96,1
DA:97,3
DA:99,3
DA:100,3
DA:101,1
DA:107,2
DA:108,2
DA:110,2
DA:112,2
DA:113,2
DA:114,1
DA:119,1
DA:120,1
DA:121,1
DA:122,1
DA:123,1
DA:131,1
DA:132,2
DA:134,2
DA:139,2
DA:140,1
DA:146,1
DA:147,1
DA:148,1
DA:149,1
DA:151,1
DA:153,1
DA:163,1
DA:164,1
DA:165,1
DA:168,1
LF:55
LH:55
BRDA:20,0,0,1
BRDA:20,0,1,1
BRDA:49,1,0,2
BRDA:49,1,1,1
BRDA:49,2,0,3
BRDA:49,2,1,2
BRDA:100,3,0,1
BRDA:100,3,1,2
BRDA:139,4,0,1
BRDA:139,4,1,1
BRF:10
BRH:10
end_of_record
TN:
SF:controllers/exercisesController.js
FN:15,(anonymous_0)
FN:55,(anonymous_1)
FN:70,(anonymous_2)
FN:74,(anonymous_3)
FN:77,(anonymous_4)
FN:85,(anonymous_5)
FN:106,(anonymous_6)
FN:128,(anonymous_7)
FNF:8
FNH:8
FNDA:3,(anonymous_0)
FNDA:5,(anonymous_1)
FNDA:2,(anonymous_2)
FNDA:3,(anonymous_3)
FNDA:4,(anonymous_4)
FNDA:4,(anonymous_5)
FNDA:3,(anonymous_6)
FNDA:5,(anonymous_7)
DA:12,1
DA:15,1
DA:16,3
DA:19,3
DA:28,3
DA:29,1
DA:33,3
DA:34,3
DA:35,3
DA:37,3
DA:38,3
DA:40,3
DA:45,3
DA:55,1
DA:56,5
DA:57,5
DA:58,1
DA:62,4
DA:63,2
DA:66,2
DA:70,1
DA:71,2
DA:73,2
DA:74,3
DA:76,2
DA:77,4
DA:80,2
DA:81,2
DA:85,1
DA:86,4
DA:87,4
DA:88,1
DA:92,3
DA:93,3
DA:94,1
DA:97,2
DA:102,2
DA:106,1
DA:107,3
DA:108,3
DA:109,1
DA:112,2
DA:113,2
DA:114,1
DA:117,1
DA:118,1
DA:126,1
DA:128,1
DA:129,5
DA:130,5
DA:131,1
DA:134,4
DA:135,1
DA:138,3
DA:139,3
DA:141,3
DA:145,3
DA:146,1
DA:149,2
DA:150,2
DA:151,2
DA:152,2
DA:155,1
LF:63
LH:63
BRDA:16,0,0,2
BRDA:16,1,0,2
BRDA:23,2,0,1
BRDA:23,2,1,2
BRDA:28,3,0,1
BRDA:28,3,1,2
BRDA:33,4,0,1
BRDA:33,4,1,2
BRDA:34,5,0,1
BRDA:34,5,1,2
BRDA:35,6,0,1
BRDA:35,6,1,2
BRDA:43,7,0,1
BRDA:43,7,1,2
BRDA:57,8,0,1
BRDA:57,8,1,4
BRDA:62,9,0,2
BRDA:62,9,1,2
BRDA:62,10,0,4
BRDA:62,10,1,3
BRDA:62,10,2,2
BRDA:73,11,0,1
BRDA:73,11,1,1
BRDA:76,12,0,1
BRDA:76,12,1,1
BRDA:87,13,0,1
BRDA:87,13,1,3
BRDA:93,14,0,1
BRDA:93,14,1,2
BRDA:93,15,0,3
BRDA:93,15,1,2
BRDA:108,16,0,1
BRDA:108,16,1,2
BRDA:113,17,0,1
BRDA:113,17,1,1
BRDA:113,18,0,2
BRDA:113,18,1,1
BRDA:130,19,0,1
BRDA:130,19,1,4
BRDA:130,20,0,5
BRDA:130,20,1,5
BRDA:134,21,0,1
BRDA:134,21,1,3
BRDA:138,22,0,1
BRDA:138,22,1,2
BRDA:145,23,0,1
BRDA:145,23,1,2
BRDA:150,24,0,2
BRDA:150,24,1,1
BRF:49
BRH:49
end_of_record
TN:
SF:controllers/progressController.js
FN:6,(anonymous_0)
FN:21,(anonymous_1)
FN:33,(anonymous_2)
FN:51,(anonymous_3)
FN:65,(anonymous_4)
FN:80,(anonymous_5)
FNF:6
FNH:6
FNDA:2,(anonymous_0)
FNDA:2,(anonymous_1)
FNDA:2,(anonymous_2)
FNDA:2,(anonymous_3)
FNDA:2,(anonymous_4)
FNDA:2,(anonymous_5)
DA:3,1
DA:4,1
DA:6,1
DA:7,2
DA:8,2
DA:10,2
DA:11,2
DA:13,2
DA:18,2
DA:21,1
DA:22,2
DA:26,2
DA:27,1
DA:30,1
DA:33,1
DA:35,2
DA:40,2
DA:41,1
DA:47,1
DA:48,1
DA:51,1
DA:52,2
DA:58,2
DA:59,1
DA:62,1
DA:65,1
DA:66,2
DA:71,2
DA:72,1
DA:75,1
DA:80,1
DA:81,2
DA:84,2
DA:118,2
DA:137,2
DA:143,1
LF:36
LH:36
BRDA:10,0,0,1
BRDA:10,0,1,1
BRDA:11,1,0,1
BRDA:11,1,1,1
BRDA:26,2,0,1
BRDA:26,2,1,1
BRDA:40,3,0,1
BRDA:40,3,1,1
BRDA:58,4,0,1
BRDA:58,4,1,1
BRDA:71,5,0,1
BRDA:71,5,1,1
BRF:12
BRH:12
end_of_record
TN:
SF:controllers/routinesController.js
FN:5,(anonymous_0)
FN:19,(anonymous_1)
FN:36,(anonymous_2)
FN:41,(anonymous_3)
FN:59,(anonymous_4)
FN:74,(anonymous_5)
FNF:6
FNH:6
FNDA:1,(anonymous_0)
FNDA:4,(anonymous_1)
FNDA:1,(anonymous_2)
FNDA:3,(anonymous_3)
FNDA:4,(anonymous_4)
FNDA:4,(anonymous_5)
DA:3,1
DA:5,1
DA:7,1
DA:11,1
DA:16,1
DA:19,1
DA:20,4
DA:24,4
DA:25,1
DA:28,3
DA:29,3
DA:30,1
DA:33,2
DA:36,1
DA:37,1
DA:38,1
DA:41,1
DA:42,3
DA:43,3
DA:44,1
DA:47,2
DA:48,1
DA:51,1
DA:56,1
DA:59,1
DA:60,4
DA:61,4
DA:62,1
DA:65,3
DA:66,1
DA:69,2
DA:70,2
DA:74,1
DA:75,4
DA:76,4
DA:77,2
DA:80,2
DA:89,2
DA:92,1
LF:39
LH:39
BRDA:24,0,0,1
BRDA:24,0,1,3
BRDA:28,1,0,3
BRDA:28,1,1,3
BRDA:29,2,0,1
BRDA:29,2,1,2
BRDA:29,3,0,3
BRDA:29,3,1,2
BRDA:43,4,0,1
BRDA:43,4,1,2
BRDA:47,5,0,1
BRDA:47,5,1,1
BRDA:61,6,0,1
BRDA:61,6,1,3
BRDA:65,7,0,1
BRDA:65,7,1,2
BRDA:65,8,0,3
BRDA:65,8,1,2
BRDA:76,9,0,2
BRDA:76,9,1,2
BRDA:76,10,0,4
BRDA:76,10,1,3
BRDA:76,10,2,2
BRF:23
BRH:23
end_of_record
TN:
SF:controllers/sessionsController.js
FN:13,(anonymous_0)
FN:35,(anonymous_1)
FN:48,(anonymous_2)
FN:85,(anonymous_3)
FN:99,(anonymous_4)
FNF:5
FNH:5
FNDA:2,(anonymous_0)
FNDA:2,(anonymous_1)
FNDA:5,(anonymous_2)
FNDA:2,(anonymous_3)
FNDA:2,(anonymous_4)
DA:10,1
DA:11,1
DA:13,1
DA:14,2
DA:15,2
DA:17,2
DA:26,2
DA:35,1
DA:36,2
DA:41,2
DA:42,1
DA:45,1
DA:48,1
DA:49,5
DA:52,5
DA:53,5
DA:54,5
DA:56,5
DA:57,5
DA:59,5
DA:61,5
DA:62,3
DA:63,3
DA:65,3
DA:67,2
DA:68,1
DA:70,1
DA:73,2
DA:76,5
DA:82,5
DA:85,1
DA:86,2
DA:92,2
DA:93,1
DA:96,1
DA:99,1
DA:100,2
DA:105,2
DA:106,1
DA:109,1
DA:112,1
LF:41
LH:41
BRDA:14,0,0,1
BRDA:14,1,0,1
BRDA:41,2,0,1
BRDA:41,2,1,1
BRDA:61,3,0,3
BRDA:61,3,1,2
BRDA:65,4,0,1
BRDA:65,4,1,2
BRDA:67,5,0,1
BRDA:67,5,1,1
BRDA:92,6,0,1
BRDA:92,6,1,1
BRDA:105,7,0,1
BRDA:105,7,1,1
BRF:14
BRH:14
end_of_record
TN:
SF:controllers/usersController.js
FN:6,(anonymous_0)
FN:21,(anonymous_1)
FN:43,(anonymous_2)
FNF:3
FNH:3
FNDA:4,(anonymous_0)
FNDA:3,(anonymous_1)
FNDA:3,(anonymous_2)
DA:3,1
DA:6,1
DA:8,4
DA:9,1
DA:12,3
DA:13,3
DA:14,1
DA:17,2
DA:21,1
DA:22,3
DA:23,1
DA:27,2
DA:29,2
DA:35,2
DA:36,1
DA:39,1
DA:43,1
DA:44,3
DA:45,1
DA:48,2
DA:49,2
DA:52,1
LF:22
LH:22
BRDA:8,0,0,1
BRDA:8,0,1,3
BRDA:8,1,0,4
BRDA:8,1,1,2
BRDA:13,2,0,1
BRDA:13,2,1,2
BRDA:22,3,0,1
BRDA:22,3,1,2
BRDA:22,4,0,3
BRDA:22,4,1,1
BRDA:35,5,0,1
BRDA:35,5,1,1
BRDA:44,6,0,1
BRDA:44,6,1,2
BRDA:44,7,0,3
BRDA:44,7,1,2
BRF:16
BRH:16
end_of_record
TN:
SF:middlewares/auth.js
FN:4,(anonymous_0)
FN:48,(anonymous_1)
FN:49,(anonymous_2)
FNF:3
FNH:3
FNDA:6,(anonymous_0)
FNDA:2,(anonymous_1)
FNDA:2,(anonymous_2)
DA:1,1
DA:2,1
DA:4,1
DA:5,6
DA:7,6
DA:8,6
DA:9,2
DA:15,4
DA:18,4
DA:21,2
DA:22,2
DA:23,1
DA:30,1
DA:31,1
DA:36,2
DA:40,2
DA:48,1
DA:49,2
DA:50,2
DA:51,1
DA:56,1
DA:60,1
LF:22
LH:22
BRDA:8,0,0,2
BRDA:8,0,1,4
BRDA:8,1,0,6
BRDA:8,1,1,5
BRDA:22,2,0,1
BRDA:22,2,1,1
BRDA:36,3,0,1
BRDA:36,3,1,1
BRDA:50,4,0,1
BRDA:50,4,1,1
BRF:10
BRH:10
end_of_record
TN:
SF:middlewares/validate.js
FN:4,(anonymous_0)
FN:10,(anonymous_1)
FNF:2
FNH:2
FNDA:23,(anonymous_0)
FNDA:15,(anonymous_1)
DA:1,1
DA:4,1
DA:5,23
DA:6,23
DA:7,15
DA:10,15
DA:13,8
DA:17,1
DA:26,1
DA:33,1
DA:46,1
DA:70,1
DA:84,1
DA:95,1
DA:101,1
DA:108,1
LF:16
LH:16
BRDA:6,0,0,15
BRDA:6,0,1,8
BRF:2
BRH:2
end_of_record
TN:
SF:models/user.js
FN:52,(anonymous_0)
FN:64,(anonymous_1)
FN:70,(anonymous_2)
FN:80,(anonymous_3)
FNF:4
FNH:4
FNDA:5,(anonymous_0)
FNDA:2,(anonymous_1)
FNDA:1,(anonymous_2)
FNDA:1,(anonymous_3)
DA:2,5
DA:3,5
DA:4,5
DA:6,5
DA:52,5
DA:54,5
DA:58,4
DA:64,5
DA:65,2
DA:70,5
DA:71,1
DA:72,1
DA:73,1
DA:74,1
DA:75,1
DA:76,1
DA:80,5
DA:81,1
DA:82,1
DA:83,1
DA:84,1
DA:87,5
LF:22
LH:22
BRDA:54,0,0,1
BRDA:54,0,1,4
BRF:2
BRH:2
end_of_record
TN:
SF:utils/token.js
FN:6,(anonymous_0)
FN:18,(anonymous_1)
FNF:2
FNH:2
FNDA:11,(anonymous_0)
FNDA:8,(anonymous_1)
DA:3,3
DA:6,3
DA:7,11
DA:18,3
DA:19,8
DA:22,3
LF:6
LH:6
BRDA:6,0,0,8
BRF:1
BRH:1
end_of_record
